[debug] [2021-12-14T01:15:59.660Z] ----------------------------------------------------------------------
[debug] [2021-12-14T01:15:59.664Z] Command:       C:\Program Files\nodejs\node.exe C:\Users\Aishwar\AppData\Roaming\npm\node_modules\firebase-tools\lib\bin\firebase.js init
[debug] [2021-12-14T01:15:59.665Z] CLI Version:   9.23.1
[debug] [2021-12-14T01:15:59.665Z] Platform:      win32
[debug] [2021-12-14T01:15:59.665Z] Node Version:  v16.13.0
[debug] [2021-12-14T01:15:59.667Z] Time:          Tue Dec 14 2021 06:45:59 GMT+0530 (India Standard Time)
[debug] [2021-12-14T01:15:59.667Z] ----------------------------------------------------------------------
[debug] 
[debug] [2021-12-14T01:15:59.680Z] > command requires scopes: ["email","openid","https://www.googleapis.com/auth/cloudplatformprojects.readonly","https://www.googleapis.com/auth/firebase","https://www.googleapis.com/auth/cloud-platform"]
[debug] [2021-12-14T01:15:59.681Z] > authorizing via signed-in user (aishwarmalviya8@gmail.com)
[info] 
     ######## #### ########  ######## ########     ###     ######  ########
     ##        ##  ##     ## ##       ##     ##  ##   ##  ##       ##
     ######    ##  ########  ######   ########  #########  ######  ######
     ##        ##  ##    ##  ##       ##     ## ##     ##       ## ##
     ##       #### ##     ## ######## ########  ##     ##  ######  ########

You're about to initialize a Firebase project in this directory:

  C:\Users\Aishwar\desktop\robosapian

[info] 
=== Project Setup
[info] 
[info] First, let's associate this project directory with a Firebase project.
[info] You can create multiple project aliases by running firebase use --add, 
[info] but for now we'll just set up a default project.
[info] 
[debug] [2021-12-14T01:16:07.532Z] >>> [apiv2][query] GET https://firebase.googleapis.com/v1beta1/projects pageSize=100
[debug] [2021-12-14T01:16:08.493Z] <<< [apiv2][status] GET https://firebase.googleapis.com/v1beta1/projects 200
[debug] [2021-12-14T01:16:08.494Z] <<< [apiv2][body] GET https://firebase.googleapis.com/v1beta1/projects [omitted]
[info] i  Using project glympse-of-ai (Glympse of AI) 
[info] 
=== Hosting Setup
[info] 
[info] Your public directory is the folder (relative to your project directory) that
[info] will contain Hosting assets to be uploaded with firebase deploy. If you
[info] have a build process for your assets, use your build's output directory.
[info] 
